\BOOKMARK [0][-]{dummy.1}{\376\377\000D\000e\000c\000l\000a\000r\000a\000t\000i\000o\000n}{}% 1
\BOOKMARK [0][-]{dummy.6}{\376\377\000C\000e\000r\000t\000i\000f\000i\000c\000a\000t\000e}{}% 2
\BOOKMARK [0][-]{dummy.7}{\376\377\000A\000b\000s\000t\000r\000a\000c\000t}{}% 3
\BOOKMARK [0][-]{dummy.8}{\376\377\000A\000c\000k\000n\000o\000w\000l\000e\000d\000g\000e\000m\000e\000n\000t\000s}{}% 4
\BOOKMARK [0][-]{dummy.9}{\376\377\000C\000o\000n\000t\000e\000n\000t\000s}{}% 5
\BOOKMARK [0][-]{chapter.11}{\376\377\0001\000\040\000I\000n\000t\000r\000o\000d\000u\000c\000t\000i\000o\000n}{}% 6
\BOOKMARK [1][-]{section.12}{\376\377\0001\000.\0001\000\040\000C\000l\000u\000s\000t\000e\000r\000i\000n\000g}{chapter.11}% 7
\BOOKMARK [1][-]{section.13}{\376\377\0001\000.\0002\000\040\000M\000o\000t\000i\000o\000n\000\040\000R\000e\000p\000r\000e\000s\000e\000n\000t\000a\000t\000i\000o\000n\000\040\000\046\000\040\000S\000i\000m\000i\000l\000a\000r\000i\000t\000y\000\040\000M\000e\000a\000s\000u\000r\000e}{chapter.11}% 8
\BOOKMARK [1][-]{section.14}{\376\377\0001\000.\0003\000\040\000P\000r\000o\000b\000l\000e\000m\000\040\000S\000t\000a\000t\000e\000m\000e\000n\000t}{chapter.11}% 9
\BOOKMARK [1][-]{section.15}{\376\377\0001\000.\0004\000\040\000D\000a\000t\000a\000S\000e\000t}{chapter.11}% 10
\BOOKMARK [1][-]{section.21}{\376\377\0001\000.\0005\000\040\000O\000r\000g\000a\000n\000i\000z\000a\000t\000i\000o\000n\000\040\000o\000f\000\040\000t\000h\000i\000s\000\040\000R\000e\000p\000o\000r\000t}{chapter.11}% 11
\BOOKMARK [0][-]{chapter.22}{\376\377\0002\000\040\000B\000a\000c\000k\000g\000r\000o\000u\000n\000d\000,\000\040\000D\000e\000f\000i\000n\000i\000t\000i\000o\000n\000s}{}% 12
\BOOKMARK [1][-]{section.23}{\376\377\0002\000.\0001\000\040\000R\000e\000l\000a\000t\000e\000d\000\040\000W\000o\000r\000k}{chapter.22}% 13
\BOOKMARK [1][-]{section.24}{\376\377\0002\000.\0002\000\040\000O\000p\000t\000i\000c\000a\000l\000\040\000f\000l\000o\000w\000\040\000a\000n\000d\000\040\000M\000o\000t\000i\000o\000n}{chapter.22}% 14
\BOOKMARK [2][-]{subsection.30}{\376\377\0002\000.\0002\000.\0001\000\040\000L\000u\000c\000a\000s\000-\000K\000a\000n\000a\000d\000e\000\040\000m\000e\000t\000h\000o\000d}{section.24}% 15
\BOOKMARK [1][-]{section.31}{\376\377\0002\000.\0003\000\040\000H\000i\000s\000t\000o\000g\000r\000a\000m\000\040\000o\000f\000\040\000O\000p\000t\000i\000c\000a\000l\000\040\000f\000l\000o\000w}{chapter.22}% 16
\BOOKMARK [1][-]{section.33}{\376\377\0002\000.\0004\000\040\000D\000y\000n\000a\000m\000i\000c\000\040\000T\000i\000m\000e\000\040\000W\000a\000r\000p\000i\000n\000g\000\040\000\050\000D\000T\000W\000\051\000\040}{chapter.22}% 17
\BOOKMARK [2][-]{subsection.35}{\376\377\0002\000.\0004\000.\0001\000\040\000S\000o\000l\000v\000i\000n\000g\000\040\000D\000T\000W}{section.33}% 18
\BOOKMARK [2][-]{subsection.39}{\376\377\0002\000.\0004\000.\0002\000\040\000A\000p\000p\000l\000i\000c\000a\000t\000i\000o\000n\000s}{section.33}% 19
\BOOKMARK [1][-]{section.40}{\376\377\0002\000.\0005\000\040\000S\000p\000e\000c\000t\000r\000a\000l\000\040\000C\000l\000u\000s\000t\000e\000r\000i\000n\000g}{chapter.22}% 20
\BOOKMARK [2][-]{subsection.42}{\376\377\0002\000.\0005\000.\0001\000\040\000B\000a\000s\000i\000c\000\040\000I\000d\000e\000a}{section.40}% 21
\BOOKMARK [2][-]{subsection.43}{\376\377\0002\000.\0005\000.\0002\000\040\000A\000l\000g\000o\000r\000i\000t\000h\000m}{section.40}% 22
\BOOKMARK [2][-]{subsection.51}{\376\377\0002\000.\0005\000.\0003\000\040\000O\000b\000j\000e\000c\000t\000i\000v\000e\000\040\000F\000u\000n\000c\000t\000i\000o\000n}{section.40}% 23
\BOOKMARK [2][-]{subsection.53}{\376\377\0002\000.\0005\000.\0004\000\040\000H\000o\000w\000\040\000t\000h\000e\000\040\000a\000l\000g\000o\000r\000i\000t\000h\000m\000\040\000i\000s\000\040\000m\000i\000n\000i\000m\000i\000z\000i\000n\000g\000\040\000t\000h\000e\000\040\000a\000b\000o\000v\000e\000\040\000F\000u\000n\000c\000t\000i\000o\000n\000\040}{section.40}% 24
\BOOKMARK [3][-]{subsubsection.54}{\376\377\0002\000.\0005\000.\0004\000.\0001\000\040\000A\000p\000p\000r\000o\000x\000i\000m\000a\000t\000i\000n\000g\000\040\000R\000a\000t\000i\000o\000\040\000C\000u\000t\000\040\000f\000o\000r\000\040\000K\000\040\000=\000\040\0002}{subsection.53}% 25
\BOOKMARK [3][-]{subsubsection.57}{\376\377\0002\000.\0005\000.\0004\000.\0002\000\040\000A\000p\000p\000r\000o\000x\000i\000m\000a\000t\000i\000n\000g\000\040\000R\000a\000t\000i\000o\000\040\000C\000u\000t\000\040\000f\000o\000r\000\040\000K\000\040\000L\000g\000\040\0002}{subsection.53}% 26
\BOOKMARK [1][-]{section.60}{\376\377\0002\000.\0006\000\040\000S\000u\000p\000p\000o\000r\000t\000\040\000V\000e\000c\000t\000o\000r\000\040\000M\000a\000c\000h\000i\000n\000e}{chapter.22}% 27
\BOOKMARK [2][-]{subsection.62}{\376\377\0002\000.\0006\000.\0001\000\040\000S\000u\000p\000p\000o\000r\000t\000\040\000V\000e\000c\000t\000o\000r\000s}{section.60}% 28
\BOOKMARK [2][-]{subsection.63}{\376\377\0002\000.\0006\000.\0002\000\040\000H\000y\000p\000e\000r\000P\000l\000a\000n\000e}{section.60}% 29
\BOOKMARK [2][-]{subsection.64}{\376\377\0002\000.\0006\000.\0003\000\040\000F\000i\000n\000d\000i\000n\000g\000\040\000t\000h\000e\000\040\000r\000i\000g\000h\000t\000\040\000h\000y\000p\000e\000r\000p\000l\000a\000n\000e}{section.60}% 30
\BOOKMARK [2][-]{subsection.66}{\376\377\0002\000.\0006\000.\0004\000\040\000L\000i\000n\000e\000a\000r\000l\000y\000\040\000n\000o\000n\000\040\000s\000e\000p\000a\000r\000a\000b\000l\000e\000\040\000d\000a\000t\000a}{section.60}% 31
\BOOKMARK [1][-]{section.68}{\376\377\0002\000.\0007\000\040\000K\000-\000\040\000N\000e\000a\000r\000e\000s\000t\000\040\000N\000e\000i\000g\000h\000b\000o\000u\000r\000\040\000\050\000K\000N\000N\000\051}{chapter.22}% 32
\BOOKMARK [1][-]{section.69}{\376\377\0002\000.\0008\000\040\000A\000c\000c\000u\000r\000a\000c\000y\000\040\000M\000e\000a\000s\000u\000r\000e\000\040\000\050\000R\000a\000n\000d\000\040\000I\000n\000d\000e\000x\000\051}{chapter.22}% 33
\BOOKMARK [0][-]{chapter.70}{\376\377\0003\000\040\000C\000h\000a\000p\000t\000e\000r\0003\000\040\000A\000p\000p\000r\000o\000a\000c\000h\000\040\000\046\000\040\000R\000e\000s\000u\000l\000t\000s}{}% 34
\BOOKMARK [1][-]{section.77}{\376\377\0003\000.\0001\000\040\000U\000n\000s\000u\000p\000e\000r\000v\000i\000s\000e\000d\000\040\000A\000p\000p\000r\000o\000a\000c\000h\000e\000s}{chapter.70}% 35
\BOOKMARK [2][-]{subsection.78}{\376\377\0003\000.\0001\000.\0001\000\040\000F\000e\000a\000t\000u\000r\000e\000\040\000v\000e\000c\000t\000o\000r\000\040\000f\000o\000r\000\040\000r\000e\000p\000r\000e\000s\000e\000n\000t\000i\000n\000g\000\040\000m\000o\000t\000i\000o\000n\000s}{section.77}% 36
\BOOKMARK [2][-]{subsection.79}{\376\377\0003\000.\0001\000.\0002\000\040\000S\000i\000m\000i\000l\000a\000r\000i\000t\000y\000\040\000M\000a\000t\000r\000i\000x\000\040\000f\000r\000o\000m\000\040\000F\000e\000a\000t\000u\000r\000e\000\040\000V\000e\000c\000t\000o\000r\000s}{section.77}% 37
\BOOKMARK [2][-]{subsection.80}{\376\377\0003\000.\0001\000.\0003\000\040\000C\000l\000u\000s\000t\000e\000r\000i\000n\000g}{section.77}% 38
\BOOKMARK [2][-]{subsection.81}{\376\377\0003\000.\0001\000.\0004\000\040\000R\000e\000s\000u\000l\000t\000s}{section.77}% 39
\BOOKMARK [3][-]{subsubsection.83}{\376\377\0003\000.\0001\000.\0004\000.\0001\000\040\000S\000i\000m\000i\000l\000a\000r\000i\000t\000y\000\040\000M\000a\000t\000r\000i\000x}{subsection.81}% 40
\BOOKMARK [3][-]{subsubsection.85}{\376\377\0003\000.\0001\000.\0004\000.\0002\000\040\000C\000o\000n\000f\000u\000s\000i\000o\000n\000\040\000M\000a\000t\000r\000i\000x}{subsection.81}% 41
\BOOKMARK [2][-]{subsection.87}{\376\377\0003\000.\0001\000.\0005\000\040\000D\000i\000f\000f\000e\000r\000e\000n\000t\000\040\000V\000a\000r\000i\000a\000t\000i\000o\000n\000s\000\040\000t\000r\000i\000e\000d}{section.77}% 42
\BOOKMARK [2][-]{subsection.90}{\376\377\0003\000.\0001\000.\0006\000\040\000R\000e\000a\000s\000o\000n\000s\000\040\000f\000o\000r\000\040\000L\000o\000w\000\040\000A\000c\000c\000u\000r\000a\000c\000y\000\040\000f\000o\000r\000\040\000N\000a\000t\000t\000a\0007}{section.77}% 43
\BOOKMARK [2][-]{subsection.91}{\376\377\0003\000.\0001\000.\0007\000\040\000R\000e\000s\000u\000l\000t\000s\000\040\000w\000i\000t\000h\000o\000u\000t\000\040\000n\000o\000i\000s\000y\000\040\000m\000o\000t\000i\000o\000n\000s}{section.77}% 44
\BOOKMARK [1][-]{section.93}{\376\377\0003\000.\0002\000\040\000S\000u\000p\000e\000r\000v\000i\000s\000e\000d\000\040\000L\000e\000a\000r\000n\000i\000n\000g}{chapter.70}% 45
\BOOKMARK [2][-]{subsection.94}{\376\377\0003\000.\0002\000.\0001\000\040\000S\000V\000M\000\040\000R\000e\000s\000u\000l\000t\000s}{section.93}% 46
\BOOKMARK [2][-]{subsection.96}{\376\377\0003\000.\0002\000.\0002\000\040\000A\000p\000p\000r\000o\000a\000c\000h\000\040\0002\000\040\000:\000\040\000K\000\040\000-\000\040\000N\000e\000a\000r\000e\000s\000t\000\040\000N\000e\000i\000g\000h\000b\000o\000u\000r}{section.93}% 47
\BOOKMARK [1][-]{section.98}{\376\377\0003\000.\0003\000\040\000C\000o\000n\000c\000l\000u\000s\000i\000o\000n\000\040\000\046\000\040\000F\000u\000t\000u\000r\000e\000\040\000W\000o\000r\000k\000\040}{chapter.70}% 48
\BOOKMARK [0][-]{dummy.99}{\376\377\000B\000i\000b\000l\000i\000o\000g\000r\000a\000p\000h\000y}{}% 49
